<?xml version="1.0" encoding="UTF-8"?>
<testng-results ignored="0" total="1" passed="1" failed="0" skipped="0">
  <reporter-output>
    <line>
      <![CDATA[property registered successfully]]>
    </line>
    <line>
      <![CDATA[search page opened successfully]]>
    </line>
    <line>
      <![CDATA[test case passed]]>
    </line>
  </reporter-output>
  <suite started-at="2023-06-02T12:31:37 IST" name="Default suite" finished-at="2023-06-02T12:32:09 IST" duration-ms="31852">
    <groups>
      <group name="SmokeTest">
        <method signature="VerifyRegisterPropertyisplayedOrNotTest.main1()[pri:0, instance:com.DDT.POM.MethodCalling.VerifyRegisterPropertyisplayedOrNotTest@478190fc]" name="main1" class="com.DDT.POM.MethodCalling.VerifyRegisterPropertyisplayedOrNotTest"/>
      </group> <!-- SmokeTest -->
    </groups>
    <test started-at="2023-06-02T12:31:37 IST" name="Default test" finished-at="2023-06-02T12:32:09 IST" duration-ms="31852">
      <class name="com.DDT.POM.MethodCalling.VerifyRegisterPropertyisplayedOrNotTest">
        <test-method is-config="true" signature="Config_BS()[pri:0, instance:com.DDT.POM.MethodCalling.VerifyRegisterPropertyisplayedOrNotTest@478190fc]" started-at="2023-06-02T12:31:37 IST" name="Config_BS" finished-at="2023-06-02T12:31:37 IST" duration-ms="8" status="PASS">
          <reporter-output>
          </reporter-output>
        </test-method> <!-- Config_BS -->
        <test-method is-config="true" signature="config_BC()[pri:0, instance:com.DDT.POM.MethodCalling.VerifyRegisterPropertyisplayedOrNotTest@478190fc]" started-at="2023-06-02T12:31:37 IST" name="config_BC" finished-at="2023-06-02T12:31:52 IST" duration-ms="14844" status="PASS">
          <reporter-output>
          </reporter-output>
        </test-method> <!-- config_BC -->
        <test-method is-config="true" signature="confi_BM()[pri:0, instance:com.DDT.POM.MethodCalling.VerifyRegisterPropertyisplayedOrNotTest@478190fc]" started-at="2023-06-02T12:31:52 IST" name="confi_BM" finished-at="2023-06-02T12:31:56 IST" duration-ms="4383" status="PASS">
          <reporter-output>
          </reporter-output>
        </test-method> <!-- confi_BM -->
        <test-method signature="main1()[pri:0, instance:com.DDT.POM.MethodCalling.VerifyRegisterPropertyisplayedOrNotTest@478190fc]" started-at="2023-06-02T12:31:56 IST" name="main1" finished-at="2023-06-02T12:32:09 IST" duration-ms="12413" status="PASS">
          <reporter-output>
            <line>
              <![CDATA[property registered successfully]]>
            </line>
            <line>
              <![CDATA[search page opened successfully]]>
            </line>
            <line>
              <![CDATA[test case passed]]>
            </line>
          </reporter-output>
        </test-method> <!-- main1 -->
        <test-method is-config="true" signature="config_AM()[pri:0, instance:com.DDT.POM.MethodCalling.VerifyRegisterPropertyisplayedOrNotTest@478190fc]" started-at="2023-06-02T12:32:09 IST" name="config_AM" finished-at="2023-06-02T12:32:09 IST" duration-ms="0" status="PASS">
          <reporter-output>
          </reporter-output>
        </test-method> <!-- config_AM -->
        <test-method is-config="true" signature="config_AC()[pri:0, instance:com.DDT.POM.MethodCalling.VerifyRegisterPropertyisplayedOrNotTest@478190fc]" started-at="2023-06-02T12:32:09 IST" name="config_AC" finished-at="2023-06-02T12:32:09 IST" duration-ms="187" status="PASS">
          <reporter-output>
          </reporter-output>
        </test-method> <!-- config_AC -->
        <test-method is-config="true" signature="config_AS()[pri:0, instance:com.DDT.POM.MethodCalling.VerifyRegisterPropertyisplayedOrNotTest@478190fc]" started-at="2023-06-02T12:32:09 IST" name="config_AS" finished-at="2023-06-02T12:32:09 IST" duration-ms="0" status="PASS">
          <reporter-output>
          </reporter-output>
        </test-method> <!-- config_AS -->
      </class> <!-- com.DDT.POM.MethodCalling.VerifyRegisterPropertyisplayedOrNotTest -->
    </test> <!-- Default test -->
  </suite> <!-- Default suite -->
</testng-results>
