<?xml version="1.0" encoding="UTF-8"?>
<!-- Generated by org.testng.reporters.JUnitXMLReporter -->
<testsuite hostname="LAPTOP-9B3C4EKN" ignored="6" name="Test" tests="4" failures="0" timestamp="2023-05-29T16:36:32 IST" time="64.153" errors="0">
  <testcase name="main1" time="12.504" classname="com.DDT.POM.MethodCalling.VerifyRegisterPropertyisplayedOrNot"/>
  <testcase name="main2" time="8.356" classname="com.DDT.POM.MethodCalling.VerifyThatAdminCanFileAComplaintForTheRegisteredProperty"/>
  <testcase name="main4" time="11.014" classname="com.DDT.POM.MethodCalling.VerifyThatUserCanEditTheRegisteredProperty"/>
  <testcase name="main3" time="2.439" classname="com.DDT.POM.MethodCalling.VerifyThatAdminEditTheDetailsOfTheRegisteredProperty"/>
  <testcase name="@AfterSuite config_AS" time="0.0" classname="com.Twinlite.genericUtilities.BaseClass">
    <ignored/>
  </testcase> <!-- @AfterSuite config_AS -->
  <testcase name="@AfterSuite config_AS" time="0.0" classname="com.Twinlite.genericUtilities.BaseClass">
    <ignored/>
  </testcase> <!-- @AfterSuite config_AS -->
  <testcase name="@AfterSuite config_AS" time="0.0" classname="com.Twinlite.genericUtilities.BaseClass">
    <ignored/>
  </testcase> <!-- @AfterSuite config_AS -->
  <testcase name="@BeforeSuite Config_BS" time="0.0" classname="com.Twinlite.genericUtilities.BaseClass">
    <ignored/>
  </testcase> <!-- @BeforeSuite Config_BS -->
  <testcase name="@BeforeSuite Config_BS" time="0.0" classname="com.Twinlite.genericUtilities.BaseClass">
    <ignored/>
  </testcase> <!-- @BeforeSuite Config_BS -->
  <testcase name="@BeforeSuite Config_BS" time="0.0" classname="com.Twinlite.genericUtilities.BaseClass">
    <ignored/>
  </testcase> <!-- @BeforeSuite Config_BS -->
</testsuite> <!-- Test -->
